#
# There is insufficient memory for the Java Runtime Environment to continue.
# Native memory allocation (malloc) failed to allocate 498096 bytes for Chunk::new
# Possible reasons:
#   The system is out of physical RAM or swap space
#   The process is running with CompressedOops enabled, and the Java Heap may be blocking the growth of the native heap
# Possible solutions:
#   Reduce memory load on the system
#   Increase physical memory or swap space
#   Check if swap backing store is full
#   Decrease Java heap size (-Xmx/-Xms)
#   Decrease number of Java threads
#   Decrease Java thread stack sizes (-Xss)
#   Set larger code cache with -XX:ReservedCodeCacheSize=
#   JVM is running with Unscaled Compressed Oops mode in which the Java heap is
#     placed in the first 4GB address space. The Java Heap base address is the
#     maximum limit for the native heap growth. Please use -XX:HeapBaseMinAddress
#     to set the Java Heap base and to place the Java Heap above 4GB virtual address.
# This output file may be truncated or incomplete.
#
#  Out of Memory Error (arena.cpp:189), pid=15788, tid=4648
#
# JRE version: Java(TM) SE Runtime Environment (17.0.8+9) (build 17.0.8+9-LTS-211)
# Java VM: Java HotSpot(TM) 64-Bit Server VM (17.0.8+9-LTS-211, mixed mode, sharing, tiered, compressed oops, compressed class ptrs, g1 gc, windows-amd64)
# No core dump will be written. Minidumps are not enabled by default on client versions of Windows
#

---------------  S U M M A R Y ------------

Command Line: -javaagent:C:\Users\lucaa\AppData\Local\JetBrains\IntelliJ IDEA Community Edition 2023.2.2\lib\idea_rt.jar=51704:C:\Users\lucaa\AppData\Local\JetBrains\IntelliJ IDEA Community Edition 2023.2.2\bin -Dfile.encoding=UTF-8 br.com.alura.screenmatch.ScreenmatchApplication

Host: 11th Gen Intel(R) Core(TM) i7-1165G7 @ 2.80GHz, 8 cores, 7G,  Windows 11 , 64 bit Build 22621 (10.0.22621.3374)
Time: Mon May  6 10:23:38 2024 Hora oficial do Brasil elapsed time: 31.042018 seconds (0d 0h 0m 31s)

---------------  T H R E A D  ---------------

Current thread (0x000001bb216aadf0):  JavaThread "C2 CompilerThread0" daemon [_thread_in_native, id=4648, stack(0x0000003543d00000,0x0000003543e00000)]


Current CompileTask:
C2:  31042 5131       4       java.lang.invoke.LambdaForm$Name::replaceNames (175 bytes)

Stack: [0x0000003543d00000,0x0000003543e00000]
Native frames: (J=compiled Java code, j=interpreted, Vv=VM code, C=native code)
V  [jvm.dll+0x677d0a]
V  [jvm.dll+0x7d8c54]
V  [jvm.dll+0x7da3fe]
V  [jvm.dll+0x7daa63]
V  [jvm.dll+0x245c5f]
V  [jvm.dll+0xaaa6b]
V  [jvm.dll+0xab00c]
V  [jvm.dll+0x361e8e]
V  [jvm.dll+0x32c551]
V  [jvm.dll+0x32b9ea]
V  [jvm.dll+0x217fff]
V  [jvm.dll+0x217431]
V  [jvm.dll+0x1a3af0]
V  [jvm.dll+0x2270be]
V  [jvm.dll+0x22535b]
V  [jvm.dll+0x78e7bc]
V  [jvm.dll+0x788bba]
V  [jvm.dll+0x676b35]
C  [ucrtbase.dll+0x29333]
C  [KERNEL32.DLL+0x1257d]
C  [ntdll.dll+0x5aa48]


---------------  P R O C E S S  ---------------

Threads class SMR info:
_java_thread_list=0x000001bb694bdc70, length=15, elements={
0x000001bb01abc760, 0x000001bb21695140, 0x000001bb21695af0, 0x000001bb216a5330,
0x000001bb216a6cf0, 0x000001bb216a96b0, 0x000001bb216aa060, 0x000001bb216aadf0,
0x000001bb216aed90, 0x000001bb216bcd60, 0x000001bb2167d8b0, 0x000001bb21ce6d00,
0x000001bb67009fb0, 0x000001bb6775a710, 0x000001bb6775abe0
}

Java Threads: ( => current thread )
  0x000001bb01abc760 JavaThread "main" [_thread_in_native, id=17948, stack(0x0000003543000000,0x0000003543100000)]
  0x000001bb21695140 JavaThread "Reference Handler" daemon [_thread_blocked, id=2156, stack(0x0000003543700000,0x0000003543800000)]
  0x000001bb21695af0 JavaThread "Finalizer" daemon [_thread_blocked, id=16372, stack(0x0000003543800000,0x0000003543900000)]
  0x000001bb216a5330 JavaThread "Signal Dispatcher" daemon [_thread_blocked, id=9392, stack(0x0000003543900000,0x0000003543a00000)]
  0x000001bb216a6cf0 JavaThread "Attach Listener" daemon [_thread_blocked, id=17080, stack(0x0000003543a00000,0x0000003543b00000)]
  0x000001bb216a96b0 JavaThread "Service Thread" daemon [_thread_blocked, id=17572, stack(0x0000003543b00000,0x0000003543c00000)]
  0x000001bb216aa060 JavaThread "Monitor Deflation Thread" daemon [_thread_blocked, id=5504, stack(0x0000003543c00000,0x0000003543d00000)]
=>0x000001bb216aadf0 JavaThread "C2 CompilerThread0" daemon [_thread_in_native, id=4648, stack(0x0000003543d00000,0x0000003543e00000)]
  0x000001bb216aed90 JavaThread "C1 CompilerThread0" daemon [_thread_blocked, id=9492, stack(0x0000003543e00000,0x0000003543f00000)]
  0x000001bb216bcd60 JavaThread "Sweeper thread" daemon [_thread_blocked, id=15552, stack(0x0000003543f00000,0x0000003544000000)]
  0x000001bb2167d8b0 JavaThread "Common-Cleaner" daemon [_thread_blocked, id=17628, stack(0x0000003544000000,0x0000003544100000)]
  0x000001bb21ce6d00 JavaThread "Monitor Ctrl-Break" daemon [_thread_in_native, id=17024, stack(0x0000003544100000,0x0000003544200000)]
  0x000001bb67009fb0 JavaThread "Notification Thread" daemon [_thread_blocked, id=13032, stack(0x0000003544200000,0x0000003544300000)]
  0x000001bb6775a710 JavaThread "PostgreSQL-JDBC-Cleaner" daemon [_thread_blocked, id=10708, stack(0x0000003544e00000,0x0000003544f00000)]
  0x000001bb6775abe0 JavaThread "HikariPool-1 housekeeper" daemon [_thread_blocked, id=1076, stack(0x0000003544f00000,0x0000003545000000)]

Other Threads:
  0x000001bb2168f7a0 VMThread "VM Thread" [stack: 0x0000003543600000,0x0000003543700000] [id=8144]
  0x000001bb21e70380 WatcherThread [stack: 0x0000003544300000,0x0000003544400000] [id=15976]
  0x000001bb01b173b0 GCTaskThread "GC Thread#0" [stack: 0x0000003543100000,0x0000003543200000] [id=15456]
  0x000001bb676329d0 GCTaskThread "GC Thread#1" [stack: 0x0000003544400000,0x0000003544500000] [id=6572]
  0x000001bb676bccb0 GCTaskThread "GC Thread#2" [stack: 0x0000003544500000,0x0000003544600000] [id=12764]
  0x000001bb673294f0 GCTaskThread "GC Thread#3" [stack: 0x0000003544600000,0x0000003544700000] [id=16368]
  0x000001bb673297a0 GCTaskThread "GC Thread#4" [stack: 0x0000003544700000,0x0000003544800000] [id=7272]
  0x000001bb676ce170 GCTaskThread "GC Thread#5" [stack: 0x0000003544800000,0x0000003544900000] [id=18076]
  0x000001bb68982e20 GCTaskThread "GC Thread#6" [stack: 0x0000003544a00000,0x0000003544b00000] [id=16640]
  0x000001bb67a39870 GCTaskThread "GC Thread#7" [stack: 0x0000003544b00000,0x0000003544c00000] [id=5132]
  0x000001bb01b27a70 ConcurrentGCThread "G1 Main Marker" [stack: 0x0000003543200000,0x0000003543300000] [id=17556]
  0x000001bb01b28c20 ConcurrentGCThread "G1 Conc#0" [stack: 0x0000003543300000,0x0000003543400000] [id=6124]
  0x000001bb68a2b3f0 ConcurrentGCThread "G1 Conc#1" [stack: 0x0000003544c00000,0x0000003544d00000] [id=15668]
  0x000001bb01b7e540 ConcurrentGCThread "G1 Refine#0" [stack: 0x0000003543400000,0x0000003543500000] [id=8940]
  0x000001bb21535f50 ConcurrentGCThread "G1 Service" [stack: 0x0000003543500000,0x0000003543600000] [id=17088]

Threads with active compile tasks:
C2 CompilerThread0    31229 5131       4       java.lang.invoke.LambdaForm$Name::replaceNames (175 bytes)

VM state: not at safepoint (normal execution)

VM Mutex/Monitor currently owned by a thread: None

Heap address: 0x0000000084400000, size: 1980 MB, Compressed Oops mode: 32-bit

CDS archive(s) mapped at: [0x000001bb22000000-0x000001bb22bd0000-0x000001bb22bd0000), size 12386304, SharedBaseAddress: 0x000001bb22000000, ArchiveRelocationMode: 1.
Compressed class space mapped at: 0x000001bb23000000-0x000001bb63000000, reserved size: 1073741824
Narrow klass base: 0x000001bb22000000, Narrow klass shift: 0, Narrow klass range: 0x100000000

GC Precious Log:
 CPUs: 8 total, 8 available
 Memory: 7914M
 Large Page Support: Disabled
 NUMA Support: Disabled
 Compressed Oops: Enabled (32-bit)
 Heap Region Size: 1M
 Heap Min Capacity: 8M
 Heap Initial Capacity: 124M
 Heap Max Capacity: 1980M
 Pre-touch: Disabled
 Parallel Workers: 8
 Concurrent Workers: 2
 Concurrent Refinement Workers: 8
 Periodic GC: Disabled

Heap:
 garbage-first heap   total 79872K, used 25395K [0x0000000084400000, 0x0000000100000000)
  region size 1024K, 7 young (7168K), 6 survivors (6144K)
 Metaspace       used 58229K, committed 58752K, reserved 1114112K
  class space    used 8208K, committed 8448K, reserved 1048576K

Heap Regions: E=young(eden), S=young(survivor), O=old, HS=humongous(starts), HC=humongous(continues), CS=collection set, F=free, OA=open archive, CA=closed archive, TAMS=top-at-mark-start (previous, next)
|   0|0x0000000084400000, 0x0000000084500000, 0x0000000084500000|100%|HS|  |TAMS 0x0000000084500000, 0x0000000084400000| Complete 
|   1|0x0000000084500000, 0x0000000084600000, 0x0000000084600000|100%| O|  |TAMS 0x0000000084600000, 0x0000000084500000| Untracked 
|   2|0x0000000084600000, 0x0000000084700000, 0x0000000084700000|100%| O|  |TAMS 0x0000000084700000, 0x0000000084600000| Untracked 
|   3|0x0000000084700000, 0x0000000084800000, 0x0000000084800000|100%| O|  |TAMS 0x0000000084800000, 0x0000000084700000| Untracked 
|   4|0x0000000084800000, 0x0000000084900000, 0x0000000084900000|100%| O|  |TAMS 0x0000000084900000, 0x0000000084800000| Untracked 
|   5|0x0000000084900000, 0x0000000084a00000, 0x0000000084a00000|100%| O|  |TAMS 0x0000000084a00000, 0x0000000084900000| Untracked 
|   6|0x0000000084a00000, 0x0000000084b00000, 0x0000000084b00000|100%| O|  |TAMS 0x0000000084a00000, 0x0000000084a00000| Untracked 
|   7|0x0000000084b00000, 0x0000000084c00000, 0x0000000084c00000|100%| O|  |TAMS 0x0000000084c00000, 0x0000000084b00000| Untracked 
|   8|0x0000000084c00000, 0x0000000084d00000, 0x0000000084d00000|100%| O|  |TAMS 0x0000000084d00000, 0x0000000084c00000| Untracked 
|   9|0x0000000084d00000, 0x0000000084e00000, 0x0000000084e00000|100%| O|  |TAMS 0x0000000084e00000, 0x0000000084d00000| Untracked 
|  10|0x0000000084e00000, 0x0000000084f00000, 0x0000000084f00000|100%| O|  |TAMS 0x0000000084f00000, 0x0000000084e00000| Untracked 
|  11|0x0000000084f00000, 0x0000000085000000, 0x0000000085000000|100%| O|  |TAMS 0x0000000085000000, 0x0000000084f00000| Untracked 
|  12|0x0000000085000000, 0x0000000085100000, 0x0000000085100000|100%| O|  |TAMS 0x0000000085100000, 0x0000000085000000| Untracked 
|  13|0x0000000085100000, 0x0000000085200000, 0x0000000085200000|100%| O|  |TAMS 0x0000000085200000, 0x0000000085100000| Untracked 
|  14|0x0000000085200000, 0x0000000085300000, 0x0000000085300000|100%| O|  |TAMS 0x0000000085300000, 0x0000000085200000| Untracked 
|  15|0x0000000085300000, 0x0000000085400000, 0x0000000085400000|100%| O|  |TAMS 0x0000000085366a00, 0x0000000085300000| Untracked 
|  16|0x0000000085400000, 0x0000000085500000, 0x0000000085500000|100%| O|  |TAMS 0x0000000085400000, 0x0000000085400000| Untracked 
|  17|0x0000000085500000, 0x0000000085600000, 0x0000000085600000|100%| O|  |TAMS 0x0000000085500000, 0x0000000085500000| Untracked 
|  18|0x0000000085600000, 0x0000000085700000, 0x0000000085700000|100%| O|  |TAMS 0x0000000085600000, 0x0000000085600000| Untracked 
|  19|0x0000000085700000, 0x0000000085756200, 0x0000000085800000| 33%| O|  |TAMS 0x0000000085700000, 0x0000000085700000| Untracked 
|  20|0x0000000085800000, 0x0000000085800000, 0x0000000085900000|  0%| F|  |TAMS 0x0000000085800000, 0x0000000085800000| Untracked 
|  21|0x0000000085900000, 0x0000000085900000, 0x0000000085a00000|  0%| F|  |TAMS 0x0000000085900000, 0x0000000085900000| Untracked 
|  22|0x0000000085a00000, 0x0000000085a00000, 0x0000000085b00000|  0%| F|  |TAMS 0x0000000085a00000, 0x0000000085a00000| Untracked 
|  23|0x0000000085b00000, 0x0000000085b00000, 0x0000000085c00000|  0%| F|  |TAMS 0x0000000085b00000, 0x0000000085b00000| Untracked 
|  24|0x0000000085c00000, 0x0000000085c00000, 0x0000000085d00000|  0%| F|  |TAMS 0x0000000085c00000, 0x0000000085c00000| Untracked 
|  25|0x0000000085d00000, 0x0000000085d00000, 0x0000000085e00000|  0%| F|  |TAMS 0x0000000085d00000, 0x0000000085d00000| Untracked 
|  26|0x0000000085e00000, 0x0000000085e00000, 0x0000000085f00000|  0%| F|  |TAMS 0x0000000085e00000, 0x0000000085e00000| Untracked 
|  27|0x0000000085f00000, 0x0000000085f00000, 0x0000000086000000|  0%| F|  |TAMS 0x0000000085f00000, 0x0000000085f00000| Untracked 
|  28|0x0000000086000000, 0x0000000086076c30, 0x0000000086100000| 46%| S|CS|TAMS 0x0000000086000000, 0x0000000086000000| Complete 
|  29|0x0000000086100000, 0x0000000086200000, 0x0000000086200000|100%| S|CS|TAMS 0x0000000086100000, 0x0000000086100000| Complete 
|  30|0x0000000086200000, 0x0000000086300000, 0x0000000086300000|100%| S|CS|TAMS 0x0000000086200000, 0x0000000086200000| Complete 
|  31|0x0000000086300000, 0x0000000086400000, 0x0000000086400000|100%| S|CS|TAMS 0x0000000086300000, 0x0000000086300000| Complete 
|  32|0x0000000086400000, 0x0000000086400000, 0x0000000086500000|  0%| F|  |TAMS 0x0000000086400000, 0x0000000086400000| Untracked 
|  33|0x0000000086500000, 0x0000000086500000, 0x0000000086600000|  0%| F|  |TAMS 0x0000000086500000, 0x0000000086500000| Untracked 
|  34|0x0000000086600000, 0x0000000086600000, 0x0000000086700000|  0%| F|  |TAMS 0x0000000086600000, 0x0000000086600000| Untracked 
|  35|0x0000000086700000, 0x0000000086700000, 0x0000000086800000|  0%| F|  |TAMS 0x0000000086700000, 0x0000000086700000| Untracked 
|  36|0x0000000086800000, 0x0000000086800000, 0x0000000086900000|  0%| F|  |TAMS 0x0000000086800000, 0x0000000086800000| Untracked 
|  37|0x0000000086900000, 0x0000000086900000, 0x0000000086a00000|  0%| F|  |TAMS 0x0000000086900000, 0x0000000086900000| Untracked 
|  38|0x0000000086a00000, 0x0000000086b00000, 0x0000000086b00000|100%| S|CS|TAMS 0x0000000086a00000, 0x0000000086a00000| Complete 
|  39|0x0000000086b00000, 0x0000000086c00000, 0x0000000086c00000|100%| S|CS|TAMS 0x0000000086b00000, 0x0000000086b00000| Complete 
|  40|0x0000000086c00000, 0x0000000086c00000, 0x0000000086d00000|  0%| F|  |TAMS 0x0000000086c00000, 0x0000000086c00000| Untracked 
|  41|0x0000000086d00000, 0x0000000086d00000, 0x0000000086e00000|  0%| F|  |TAMS 0x0000000086d00000, 0x0000000086d00000| Untracked 
|  42|0x0000000086e00000, 0x0000000086e00000, 0x0000000086f00000|  0%| F|  |TAMS 0x0000000086e00000, 0x0000000086e00000| Untracked 
|  43|0x0000000086f00000, 0x0000000086f00000, 0x0000000087000000|  0%| F|  |TAMS 0x0000000086f00000, 0x0000000086f00000| Untracked 
|  44|0x0000000087000000, 0x0000000087000000, 0x0000000087100000|  0%| F|  |TAMS 0x0000000087000000, 0x0000000087000000| Untracked 
|  45|0x0000000087100000, 0x0000000087100000, 0x0000000087200000|  0%| F|  |TAMS 0x0000000087100000, 0x0000000087100000| Untracked 
|  46|0x0000000087200000, 0x0000000087200000, 0x0000000087300000|  0%| F|  |TAMS 0x0000000087200000, 0x0000000087200000| Untracked 
|  47|0x0000000087300000, 0x0000000087300000, 0x0000000087400000|  0%| F|  |TAMS 0x0000000087300000, 0x0000000087300000| Untracked 
|  48|0x0000000087400000, 0x0000000087400000, 0x0000000087500000|  0%| F|  |TAMS 0x0000000087400000, 0x0000000087400000| Untracked 
|  49|0x0000000087500000, 0x0000000087500000, 0x0000000087600000|  0%| F|  |TAMS 0x0000000087500000, 0x0000000087500000| Untracked 
|  50|0x0000000087600000, 0x0000000087600000, 0x0000000087700000|  0%| F|  |TAMS 0x0000000087600000, 0x0000000087600000| Untracked 
|  51|0x0000000087700000, 0x0000000087700000, 0x0000000087800000|  0%| F|  |TAMS 0x0000000087700000, 0x0000000087700000| Untracked 
|  52|0x0000000087800000, 0x0000000087800000, 0x0000000087900000|  0%| F|  |TAMS 0x0000000087800000, 0x0000000087800000| Untracked 
|  53|0x0000000087900000, 0x0000000087900000, 0x0000000087a00000|  0%| F|  |TAMS 0x0000000087900000, 0x0000000087900000| Untracked 
|  54|0x0000000087a00000, 0x0000000087a00000, 0x0000000087b00000|  0%| F|  |TAMS 0x0000000087a00000, 0x0000000087a00000| Untracked 
|  55|0x0000000087b00000, 0x0000000087b00000, 0x0000000087c00000|  0%| F|  |TAMS 0x0000000087b00000, 0x0000000087b00000| Untracked 
|  56|0x0000000087c00000, 0x0000000087c00000, 0x0000000087d00000|  0%| F|  |TAMS 0x0000000087c00000, 0x0000000087c00000| Untracked 
|  57|0x0000000087d00000, 0x0000000087d00000, 0x0000000087e00000|  0%| F|  |TAMS 0x0000000087d00000, 0x0000000087d00000| Untracked 
|  58|0x0000000087e00000, 0x0000000087e00000, 0x0000000087f00000|  0%| F|  |TAMS 0x0000000087e00000, 0x0000000087e00000| Untracked 
|  59|0x0000000087f00000, 0x0000000087f00000, 0x0000000088000000|  0%| F|  |TAMS 0x0000000087f00000, 0x0000000087f00000| Untracked 
|  60|0x0000000088000000, 0x0000000088000000, 0x0000000088100000|  0%| F|  |TAMS 0x0000000088000000, 0x0000000088000000| Untracked 
|  61|0x0000000088100000, 0x0000000088100000, 0x0000000088200000|  0%| F|  |TAMS 0x0000000088100000, 0x0000000088100000| Untracked 
|  62|0x0000000088200000, 0x0000000088200000, 0x0000000088300000|  0%| F|  |TAMS 0x0000000088200000, 0x0000000088200000| Untracked 
|  63|0x0000000088300000, 0x0000000088300000, 0x0000000088400000|  0%| F|  |TAMS 0x0000000088300000, 0x0000000088300000| Untracked 
|  64|0x0000000088400000, 0x0000000088400000, 0x0000000088500000|  0%| F|  |TAMS 0x0000000088400000, 0x0000000088400000| Untracked 
|  65|0x0000000088500000, 0x0000000088500000, 0x0000000088600000|  0%| F|  |TAMS 0x0000000088500000, 0x0000000088500000| Untracked 
|  66|0x0000000088600000, 0x0000000088600000, 0x0000000088700000|  0%| F|  |TAMS 0x0000000088600000, 0x0000000088600000| Untracked 
|  67|0x0000000088700000, 0x0000000088700000, 0x0000000088800000|  0%| F|  |TAMS 0x0000000088700000, 0x0000000088700000| Untracked 
|  68|0x0000000088800000, 0x0000000088800000, 0x0000000088900000|  0%| F|  |TAMS 0x0000000088800000, 0x0000000088800000| Untracked 
|  69|0x0000000088900000, 0x0000000088900000, 0x0000000088a00000|  0%| F|  |TAMS 0x0000000088900000, 0x0000000088900000| Untracked 
|  70|0x0000000088a00000, 0x0000000088a00000, 0x0000000088b00000|  0%| F|  |TAMS 0x0000000088a00000, 0x0000000088a00000| Untracked 
|  71|0x0000000088b00000, 0x0000000088b00000, 0x0000000088c00000|  0%| F|  |TAMS 0x0000000088b00000, 0x0000000088b00000| Untracked 
|  72|0x0000000088c00000, 0x0000000088c00000, 0x0000000088d00000|  0%| F|  |TAMS 0x0000000088c00000, 0x0000000088c00000| Untracked 
|  73|0x0000000088d00000, 0x0000000088d00000, 0x0000000088e00000|  0%| F|  |TAMS 0x0000000088d00000, 0x0000000088d00000| Untracked 
|  74|0x0000000088e00000, 0x0000000088e00000, 0x0000000088f00000|  0%| F|  |TAMS 0x0000000088e00000, 0x0000000088e00000| Untracked 
|  75|0x0000000088f00000, 0x0000000088f00000, 0x0000000089000000|  0%| F|  |TAMS 0x0000000088f00000, 0x0000000088f00000| Untracked 
|  76|0x0000000089000000, 0x0000000089000000, 0x0000000089100000|  0%| F|  |TAMS 0x0000000089000000, 0x0000000089000000| Untracked 
| 123|0x000000008bf00000, 0x000000008c000000, 0x000000008c000000|100%| E|  |TAMS 0x000000008bf00000, 0x000000008bf00000| Complete 

Card table byte_map: [0x000001bb1a970000,0x000001bb1ad50000] _byte_map_base: 0x000001bb1a54e000

Marking Bits (Prev, Next): (CMBitMap*) 0x000001bb01b179c0, (CMBitMap*) 0x000001bb01b17a00
 Prev Bits: [0x000001bb1b130000, 0x000001bb1d020000)
 Next Bits: [0x000001bb1d020000, 0x000001bb1ef10000)

Polling page: 0x000001bb01b80000

Metaspace:

Usage:
  Non-class:     48.85 MB used.
      Class:      8.02 MB used.
       Both:     56.86 MB used.

Virtual space:
  Non-class space:       64.00 MB reserved,      49.12 MB ( 77%) committed,  1 nodes.
      Class space:        1.00 GB reserved,       8.25 MB ( <1%) committed,  1 nodes.
             Both:        1.06 GB reserved,      57.38 MB (  5%) committed. 

Chunk freelists:
   Non-Class:  14.69 MB
       Class:  7.78 MB
        Both:  22.47 MB

MaxMetaspaceSize: unlimited
CompressedClassSpaceSize: 1.00 GB
Initial GC threshold: 21.00 MB
Current GC threshold: 59.06 MB
CDS: on
MetaspaceReclaimPolicy: balanced
 - commit_granule_bytes: 65536.
 - commit_granule_words: 8192.
 - virtual_space_node_default_size: 8388608.
 - enlarge_chunks_in_place: 1.
 - new_chunks_are_fully_committed: 0.
 - uncommit_free_chunks: 1.
 - use_allocation_guard: 0.
 - handle_deallocations: 1.


Internal statistics:

num_allocs_failed_limit: 6.
num_arena_births: 658.
num_arena_deaths: 0.
num_vsnodes_births: 2.
num_vsnodes_deaths: 0.
num_space_committed: 918.
num_space_uncommitted: 0.
num_chunks_returned_to_freelist: 6.
num_chunks_taken_from_freelist: 2755.
num_chunk_merges: 6.
num_chunk_splits: 2039.
num_chunks_enlarged: 1625.
num_purges: 0.
num_inconsistent_stats: 0.

CodeHeap 'non-profiled nmethods': size=120000Kb used=3578Kb max_used=3578Kb free=116421Kb
 bounds [0x000001bb125f0000, 0x000001bb12970000, 0x000001bb19b20000]
CodeHeap 'profiled nmethods': size=120000Kb used=10008Kb max_used=10008Kb free=109991Kb
 bounds [0x000001bb0ab20000, 0x000001bb0b4f0000, 0x000001bb12050000]
CodeHeap 'non-nmethods': size=5760Kb used=1323Kb max_used=1391Kb free=4436Kb
 bounds [0x000001bb12050000, 0x000001bb122c0000, 0x000001bb125f0000]
 total_blobs=5769 nmethods=5128 adapters=553
 compilation: enabled
              stopped_count=0, restarted_count=0
 full_count=0

Compilation events (20 events):
Event: 30.427 Thread 0x000001bb216aadf0 5114       4       java.util.Arrays::copyOf (10 bytes)
Event: 30.430 Thread 0x000001bb216aed90 nmethod 5113 0x000001bb0b4e1a90 code [0x000001bb0b4e1d40, 0x000001bb0b4e2e38]
Event: 30.430 Thread 0x000001bb216aadf0 nmethod 5114 0x000001bb1296b310 code [0x000001bb1296b480, 0x000001bb1296b738]
Event: 30.480 Thread 0x000001bb216aed90 5116       3       java.lang.invoke.MethodType::appendParameterTypes (10 bytes)
Event: 30.480 Thread 0x000001bb216aed90 nmethod 5116 0x000001bb0b4e3390 code [0x000001bb0b4e3540, 0x000001bb0b4e36e8]
Event: 30.483 Thread 0x000001bb216aed90 5119       3       java.lang.StringBuilder::toString (35 bytes)
Event: 30.483 Thread 0x000001bb216aed90 nmethod 5119 0x000001bb0b4e3810 code [0x000001bb0b4e39e0, 0x000001bb0b4e3cb8]
Event: 30.483 Thread 0x000001bb216aed90 5120       3       java.lang.invoke.LambdaFormBuffer::clearDuplicatesAndNulls (268 bytes)
Event: 30.483 Thread 0x000001bb216aadf0 5122       4       java.lang.invoke.MemberName::getMethodOrFieldType (72 bytes)
Event: 30.484 Thread 0x000001bb216aed90 nmethod 5120 0x000001bb0b4e3d90 code [0x000001bb0b4e4020, 0x000001bb0b4e5118]
Event: 30.708 Thread 0x000001bb216aadf0 nmethod 5122 0x000001bb1296c490 code [0x000001bb1296c6a0, 0x000001bb1296cf70]
Event: 30.708 Thread 0x000001bb216aadf0 5123       4       jdk.internal.ref.PhantomCleanable::clean (16 bytes)
Event: 30.710 Thread 0x000001bb216aed90 5126       3       java.lang.invoke.DirectMethodHandle::getFunction (53 bytes)
Event: 30.710 Thread 0x000001bb216aed90 nmethod 5126 0x000001bb0b4e5610 code [0x000001bb0b4e57e0, 0x000001bb0b4e5b48]
Event: 30.710 Thread 0x000001bb216aed90 5127       3       java.lang.reflect.Modifier::isVolatile (13 bytes)
Event: 30.710 Thread 0x000001bb216aed90 nmethod 5127 0x000001bb0b4e5c90 code [0x000001bb0b4e5e20, 0x000001bb0b4e5f78]
Event: 30.713 Thread 0x000001bb216aadf0 nmethod 5123 0x000001bb1296e090 code [0x000001bb1296e220, 0x000001bb1296e788]
Event: 30.714 Thread 0x000001bb216aadf0 5131       4       java.lang.invoke.LambdaForm$Name::replaceNames (175 bytes)
Event: 30.715 Thread 0x000001bb216aed90 5132       3       java.nio.CharBuffer::position (8 bytes)
Event: 30.715 Thread 0x000001bb216aed90 nmethod 5132 0x000001bb0b4e6010 code [0x000001bb0b4e61a0, 0x000001bb0b4e62e8]

GC Heap History (20 events):
Event: 3.515 GC heap before
{Heap before GC invocations=2 (full 0):
 garbage-first heap   total 126976K, used 54202K [0x0000000084400000, 0x0000000100000000)
  region size 1024K, 47 young (48128K), 3 survivors (3072K)
 Metaspace       used 21220K, committed 21504K, reserved 1114112K
  class space    used 2759K, committed 2880K, reserved 1048576K
}
Event: 3.532 GC heap after
{Heap after GC invocations=3 (full 0):
 garbage-first heap   total 126976K, used 12759K [0x0000000084400000, 0x0000000100000000)
  region size 1024K, 6 young (6144K), 6 survivors (6144K)
 Metaspace       used 21220K, committed 21504K, reserved 1114112K
  class space    used 2759K, committed 2880K, reserved 1048576K
}
Event: 4.636 GC heap before
{Heap before GC invocations=4 (full 0):
 garbage-first heap   total 48128K, used 35287K [0x0000000084400000, 0x0000000100000000)
  region size 1024K, 28 young (28672K), 6 survivors (6144K)
 Metaspace       used 27619K, committed 27968K, reserved 1114112K
  class space    used 3647K, committed 3840K, reserved 1048576K
}
Event: 4.653 GC heap after
{Heap after GC invocations=5 (full 0):
 garbage-first heap   total 48128K, used 15140K [0x0000000084400000, 0x0000000100000000)
  region size 1024K, 3 young (3072K), 3 survivors (3072K)
 Metaspace       used 27619K, committed 27968K, reserved 1114112K
  class space    used 3647K, committed 3840K, reserved 1048576K
}
Event: 4.689 GC heap before
{Heap before GC invocations=5 (full 0):
 garbage-first heap   total 48128K, used 16164K [0x0000000084400000, 0x0000000100000000)
  region size 1024K, 4 young (4096K), 3 survivors (3072K)
 Metaspace       used 27852K, committed 28224K, reserved 1114112K
  class space    used 3681K, committed 3840K, reserved 1048576K
}
Event: 4.698 GC heap after
{Heap after GC invocations=6 (full 0):
 garbage-first heap   total 48128K, used 15303K [0x0000000084400000, 0x0000000100000000)
  region size 1024K, 1 young (1024K), 1 survivors (1024K)
 Metaspace       used 27852K, committed 28224K, reserved 1114112K
  class space    used 3681K, committed 3840K, reserved 1048576K
}
Event: 5.291 GC heap before
{Heap before GC invocations=6 (full 0):
 garbage-first heap   total 48128K, used 33735K [0x0000000084400000, 0x0000000100000000)
  region size 1024K, 19 young (19456K), 1 survivors (1024K)
 Metaspace       used 32448K, committed 32768K, reserved 1114112K
  class space    used 4256K, committed 4416K, reserved 1048576K
}
Event: 5.295 GC heap after
{Heap after GC invocations=7 (full 0):
 garbage-first heap   total 48128K, used 15640K [0x0000000084400000, 0x0000000100000000)
  region size 1024K, 1 young (1024K), 1 survivors (1024K)
 Metaspace       used 32448K, committed 32768K, reserved 1114112K
  class space    used 4256K, committed 4416K, reserved 1048576K
}
Event: 5.580 GC heap before
{Heap before GC invocations=7 (full 0):
 garbage-first heap   total 48128K, used 27928K [0x0000000084400000, 0x0000000100000000)
  region size 1024K, 15 young (15360K), 1 survivors (1024K)
 Metaspace       used 35798K, committed 36224K, reserved 1114112K
  class space    used 4649K, committed 4800K, reserved 1048576K
}
Event: 5.583 GC heap after
{Heap after GC invocations=8 (full 0):
 garbage-first heap   total 48128K, used 16078K [0x0000000084400000, 0x0000000100000000)
  region size 1024K, 2 young (2048K), 2 survivors (2048K)
 Metaspace       used 35798K, committed 36224K, reserved 1114112K
  class space    used 4649K, committed 4800K, reserved 1048576K
}
Event: 6.169 GC heap before
{Heap before GC invocations=9 (full 0):
 garbage-first heap   total 48128K, used 34510K [0x0000000084400000, 0x0000000100000000)
  region size 1024K, 21 young (21504K), 2 survivors (2048K)
 Metaspace       used 41189K, committed 41536K, reserved 1114112K
  class space    used 5602K, committed 5760K, reserved 1048576K
}
Event: 6.175 GC heap after
{Heap after GC invocations=10 (full 0):
 garbage-first heap   total 48128K, used 17016K [0x0000000084400000, 0x0000000100000000)
  region size 1024K, 3 young (3072K), 3 survivors (3072K)
 Metaspace       used 41189K, committed 41536K, reserved 1114112K
  class space    used 5602K, committed 5760K, reserved 1048576K
}
Event: 6.698 GC heap before
{Heap before GC invocations=10 (full 0):
 garbage-first heap   total 48128K, used 34424K [0x0000000084400000, 0x0000000100000000)
  region size 1024K, 21 young (21504K), 3 survivors (3072K)
 Metaspace       used 45411K, committed 45824K, reserved 1114112K
  class space    used 6270K, committed 6464K, reserved 1048576K
}
Event: 6.705 GC heap after
{Heap after GC invocations=11 (full 0):
 garbage-first heap   total 48128K, used 17940K [0x0000000084400000, 0x0000000100000000)
  region size 1024K, 3 young (3072K), 3 survivors (3072K)
 Metaspace       used 45411K, committed 45824K, reserved 1114112K
  class space    used 6270K, committed 6464K, reserved 1048576K
}
Event: 7.320 GC heap before
{Heap before GC invocations=11 (full 0):
 garbage-first heap   total 48128K, used 35348K [0x0000000084400000, 0x0000000100000000)
  region size 1024K, 21 young (21504K), 3 survivors (3072K)
 Metaspace       used 48970K, committed 49408K, reserved 1114112K
  class space    used 6682K, committed 6848K, reserved 1048576K
}
Event: 7.330 GC heap after
{Heap after GC invocations=12 (full 0):
 garbage-first heap   total 79872K, used 19987K [0x0000000084400000, 0x0000000100000000)
  region size 1024K, 3 young (3072K), 3 survivors (3072K)
 Metaspace       used 48970K, committed 49408K, reserved 1114112K
  class space    used 6682K, committed 6848K, reserved 1048576K
}
Event: 8.062 GC heap before
{Heap before GC invocations=12 (full 0):
 garbage-first heap   total 79872K, used 60947K [0x0000000084400000, 0x0000000100000000)
  region size 1024K, 43 young (44032K), 3 survivors (3072K)
 Metaspace       used 53988K, committed 54464K, reserved 1114112K
  class space    used 7585K, committed 7808K, reserved 1048576K
}
Event: 8.075 GC heap after
{Heap after GC invocations=13 (full 0):
 garbage-first heap   total 79872K, used 22581K [0x0000000084400000, 0x0000000100000000)
  region size 1024K, 6 young (6144K), 6 survivors (6144K)
 Metaspace       used 53988K, committed 54464K, reserved 1114112K
  class space    used 7585K, committed 7808K, reserved 1048576K
}
Event: 30.572 GC heap before
{Heap before GC invocations=13 (full 0):
 garbage-first heap   total 79872K, used 60469K [0x0000000084400000, 0x0000000100000000)
  region size 1024K, 44 young (45056K), 6 survivors (6144K)
 Metaspace       used 58205K, committed 58688K, reserved 1114112K
  class space    used 8203K, committed 8448K, reserved 1048576K
}
Event: 30.706 GC heap after
{Heap after GC invocations=14 (full 0):
 garbage-first heap   total 79872K, used 25395K [0x0000000084400000, 0x0000000100000000)
  region size 1024K, 6 young (6144K), 6 survivors (6144K)
 Metaspace       used 58205K, committed 58688K, reserved 1114112K
  class space    used 8203K, committed 8448K, reserved 1048576K
}

Deoptimization events (20 events):
Event: 8.570 Thread 0x000001bb01abc760 Uncommon trap: trap_request=0xffffff45 fr.pc=0x000001bb12628508 relative=0x0000000000000548
Event: 8.570 Thread 0x000001bb01abc760 Uncommon trap: reason=unstable_if action=reinterpret pc=0x000001bb12628508 method=java.lang.AbstractStringBuilder.putStringAt(ILjava/lang/String;II)V @ 8 c2
Event: 8.570 Thread 0x000001bb01abc760 DEOPT PACKING pc=0x000001bb12628508 sp=0x00000035430fe7e0
Event: 8.570 Thread 0x000001bb01abc760 DEOPT UNPACKING pc=0x000001bb120a5ba3 sp=0x00000035430fe668 mode 2
Event: 8.570 Thread 0x000001bb01abc760 Uncommon trap: trap_request=0xffffff45 fr.pc=0x000001bb12625880 relative=0x0000000000000540
Event: 8.570 Thread 0x000001bb01abc760 Uncommon trap: reason=unstable_if action=reinterpret pc=0x000001bb12625880 method=java.lang.AbstractStringBuilder.putStringAt(ILjava/lang/String;II)V @ 8 c2
Event: 8.570 Thread 0x000001bb01abc760 DEOPT PACKING pc=0x000001bb12625880 sp=0x00000035430fe780
Event: 8.570 Thread 0x000001bb01abc760 DEOPT UNPACKING pc=0x000001bb120a5ba3 sp=0x00000035430fe670 mode 2
Event: 8.570 Thread 0x000001bb01abc760 Uncommon trap: trap_request=0xffffff45 fr.pc=0x000001bb1265783c relative=0x000000000000041c
Event: 8.570 Thread 0x000001bb01abc760 Uncommon trap: reason=unstable_if action=reinterpret pc=0x000001bb1265783c method=java.lang.AbstractStringBuilder.isLatin1()Z @ 10 c2
Event: 8.570 Thread 0x000001bb01abc760 DEOPT PACKING pc=0x000001bb1265783c sp=0x00000035430fe800
Event: 8.570 Thread 0x000001bb01abc760 DEOPT UNPACKING pc=0x000001bb120a5ba3 sp=0x00000035430fe780 mode 2
Event: 30.324 Thread 0x000001bb01abc760 Uncommon trap: trap_request=0xffffff45 fr.pc=0x000001bb129316d4 relative=0x00000000000003b4
Event: 30.327 Thread 0x000001bb01abc760 Uncommon trap: reason=unstable_if action=reinterpret pc=0x000001bb129316d4 method=java.util.IdentityHashMap.put(Ljava/lang/Object;Ljava/lang/Object;)Ljava/lang/Object; @ 90 c2
Event: 30.328 Thread 0x000001bb01abc760 DEOPT PACKING pc=0x000001bb129316d4 sp=0x00000035430fba60
Event: 30.332 Thread 0x000001bb01abc760 DEOPT UNPACKING pc=0x000001bb120a5ba3 sp=0x00000035430fba08 mode 2
Event: 30.357 Thread 0x000001bb01abc760 Uncommon trap: trap_request=0xffffff45 fr.pc=0x000001bb126121a8 relative=0x0000000000000128
Event: 30.357 Thread 0x000001bb01abc760 Uncommon trap: reason=unstable_if action=reinterpret pc=0x000001bb126121a8 method=java.lang.StringCoding.hasNegatives([BII)Z @ 12 c2
Event: 30.357 Thread 0x000001bb01abc760 DEOPT PACKING pc=0x000001bb126121a8 sp=0x00000035430fb4f0
Event: 30.357 Thread 0x000001bb01abc760 DEOPT UNPACKING pc=0x000001bb120a5ba3 sp=0x00000035430fb480 mode 2

Classes unloaded (0 events):
No events

Classes redefined (0 events):
No events

Internal exceptions (20 events):
Event: 8.159 Thread 0x000001bb01abc760 Exception <a 'java/lang/reflect/InvocationTargetException'{0x0000000088ff8ef0}> (0x0000000088ff8ef0) 
thrown [s\open\src\hotspot\share\runtime\reflection.cpp, line 1121]
Event: 8.193 Thread 0x000001bb01abc760 Exception <a 'java/lang/reflect/InvocationTargetException'{0x0000000088c3a9d8}> (0x0000000088c3a9d8) 
thrown [s\open\src\hotspot\share\runtime\reflection.cpp, line 1121]
Event: 8.228 Thread 0x000001bb01abc760 Exception <a 'java/lang/reflect/InvocationTargetException'{0x000000008871a820}> (0x000000008871a820) 
thrown [s\open\src\hotspot\share\runtime\reflection.cpp, line 1121]
Event: 8.276 Thread 0x000001bb01abc760 Exception <a 'java/lang/reflect/InvocationTargetException'{0x0000000087fb5688}> (0x0000000087fb5688) 
thrown [s\open\src\hotspot\share\runtime\reflection.cpp, line 1121]
Event: 8.279 Thread 0x000001bb01abc760 Exception <a 'java/lang/reflect/InvocationTargetException'{0x0000000087fc4208}> (0x0000000087fc4208) 
thrown [s\open\src\hotspot\share\runtime\reflection.cpp, line 1121]
Event: 8.337 Thread 0x000001bb01abc760 Exception <a 'java/lang/IncompatibleClassChangeError'{0x0000000087d4fd60}: Found class java.lang.Object, but interface was expected> (0x0000000087d4fd60) 
thrown [s\open\src\hotspot\share\interpreter\linkResolver.cpp, line 826]
Event: 8.349 Thread 0x000001bb01abc760 Exception <a 'sun/nio/fs/WindowsException'{0x0000000087d99488}> (0x0000000087d99488) 
thrown [s\open\src\hotspot\share\prims\jni.cpp, line 516]
Event: 8.400 Thread 0x000001bb01abc760 Implicit null exception at 0x000001bb12723cba to 0x000001bb12723eac
Event: 8.526 Thread 0x000001bb01abc760 Exception <a 'java/lang/NoSuchMethodError'{0x00000000878c6780}: 'void java.lang.invoke.DirectMethodHandle$Holder.invokeVirtual(java.lang.Object, java.lang.Object, int)'> (0x00000000878c6780) 
thrown [s\open\src\hotspot\share\interpreter\linkResolver.cpp, line 759]
Event: 8.528 Thread 0x000001bb01abc760 Exception <a 'java/lang/NoSuchMethodError'{0x00000000878d3088}: 'long java.lang.invoke.DirectMethodHandle$Holder.invokeSpecial(java.lang.Object, java.lang.Object)'> (0x00000000878d3088) 
thrown [s\open\src\hotspot\share\interpreter\linkResolver.cpp, line 759]
Event: 8.530 Thread 0x000001bb01abc760 Exception <a 'java/lang/NoSuchMethodError'{0x00000000878f17b8}: 'void java.lang.invoke.DirectMethodHandle$Holder.invokeVirtual(java.lang.Object, java.lang.Object, long)'> (0x00000000878f17b8) 
thrown [s\open\src\hotspot\share\interpreter\linkResolver.cpp, line 759]
Event: 8.541 Thread 0x000001bb01abc760 Exception <a 'java/lang/NoSuchMethodError'{0x00000000877b2ec0}: 'java.lang.Object java.lang.invoke.DirectMethodHandle$Holder.newInvokeSpecial(java.lang.Object, java.lang.Object, int, java.lang.Object, java.lang.Object)'> (0x00000000877b2ec0) 
thrown [s\open\src\hotspot\share\interpreter\linkResolver.cpp, line 759]
Event: 8.543 Thread 0x000001bb01abc760 Exception <a 'java/lang/NoSuchMethodError'{0x00000000877bde20}: 'java.lang.Object java.lang.invoke.DirectMethodHandle$Holder.invokeSpecial(java.lang.Object, java.lang.Object, int, java.lang.Object, int, java.lang.Object)'> (0x00000000877bde20) 
thrown [s\open\src\hotspot\share\interpreter\linkResolver.cpp, line 759]
Event: 8.543 Thread 0x000001bb01abc760 Exception <a 'java/lang/NoSuchMethodError'{0x00000000877c5828}: 'java.lang.Object java.lang.invoke.DirectMethodHandle$Holder.newInvokeSpecial(java.lang.Object, java.lang.Object, int, java.lang.Object, int)'> (0x00000000877c5828) 
thrown [s\open\src\hotspot\share\interpreter\linkResolver.cpp, line 759]
Event: 8.544 Thread 0x000001bb01abc760 Exception <a 'java/lang/NoSuchMethodError'{0x00000000877c98e0}: 'java.lang.Object java.lang.invoke.DirectMethodHandle$Holder.invokeSpecial(java.lang.Object, java.lang.Object, java.lang.Object, int, java.lang.Object, int)'> (0x00000000877c98e0) 
thrown [s\open\src\hotspot\share\interpreter\linkResolver.cpp, line 759]
Event: 28.729 Thread 0x000001bb01abc760 Exception <a 'java/lang/NoSuchMethodError'{0x0000000086f53958}: 'void java.lang.invoke.DirectMethodHandle$Holder.invokeSpecialIFC(java.lang.Object, java.lang.Object, int, java.lang.Object, java.lang.Object, java.lang.Object, java.lang.Object)'> (0x0000000086f53958) 
thrown [s\open\src\hotspot\share\interpreter\linkResolver.cpp, line 759]
Event: 30.376 Thread 0x000001bb01abc760 Exception <a 'java/lang/IncompatibleClassChangeError'{0x0000000086ca1800}: Found class java.lang.Object, but interface was expected> (0x0000000086ca1800) 
thrown [s\open\src\hotspot\share\interpreter\linkResolver.cpp, line 826]
Event: 30.711 Thread 0x000001bb01abc760 Exception <a 'java/lang/NoSuchMethodError'{0x000000008bf0c928}: 'java.lang.Object java.lang.invoke.DirectMethodHandle$Holder.invokeSpecial(java.lang.Object, java.lang.Object, long, java.lang.Object, java.lang.Object, java.lang.Object, java.lang.Object, java.lang.Object, java.lang.Object, java.lang.Object)'> (0x000000008bf0c928) 
thrown [s\open\src\hotspot\share\interpreter\linkResolver.cpp, line 759]
Event: 30.712 Thread 0x000001bb01abc760 Exception <a 'java/lang/NoSuchMethodError'{0x000000008bf113f0}: 'java.lang.Object java.lang.invoke.DelegatingMethodHandle$Holder.reinvoke_L(java.lang.Object, long, java.lang.Object, java.lang.Object, java.lang.Object, java.lang.Object, java.lang.Object, java.lang.Object, java.lang.Object)'> (0x000000008bf113f0) 
thrown [s\open\src\hotspot\share\interpreter\linkResolver.cpp, line 759]
Event: 30.713 Thread 0x000001bb01abc760 Exception <a 'java/lang/NoSuchMethodError'{0x000000008bf287e8}: 'java.lang.Object java.lang.invoke.Invokers$Holder.linkToTargetMethod(java.lang.Object, java.lang.Object, java.lang.Object, java.lang.Object, java.lang.Object, java.lang.Object, java.lang.Object, java.lang.Object)'> (0x000000008bf287e8) 
thrown [s\open\src\hotspot\share\interpreter\linkResolver.cpp, line 759]

VM Operations (20 events):
Event: 7.727 Executing VM operation: ICBufferFull
Event: 7.727 Executing VM operation: ICBufferFull done
Event: 7.733 Executing VM operation: HandshakeAllThreads
Event: 7.733 Executing VM operation: HandshakeAllThreads done
Event: 8.062 Executing VM operation: G1CollectForAllocation
Event: 8.075 Executing VM operation: G1CollectForAllocation done
Event: 8.115 Executing VM operation: HandshakeAllThreads
Event: 8.115 Executing VM operation: HandshakeAllThreads done
Event: 8.461 Executing VM operation: ICBufferFull
Event: 8.462 Executing VM operation: ICBufferFull done
Event: 9.465 Executing VM operation: Cleanup
Event: 9.465 Executing VM operation: Cleanup done
Event: 15.510 Executing VM operation: Cleanup
Event: 15.510 Executing VM operation: Cleanup done
Event: 28.617 Executing VM operation: Cleanup
Event: 28.623 Executing VM operation: Cleanup done
Event: 29.635 Executing VM operation: Cleanup
Event: 29.635 Executing VM operation: Cleanup done
Event: 30.512 Executing VM operation: G1CollectForAllocation
Event: 30.706 Executing VM operation: G1CollectForAllocation done

Events (20 events):
Event: 8.556 loading class java/lang/management/RuntimeMXBean done
Event: 8.556 loading class sun/management/RuntimeImpl
Event: 8.556 loading class sun/management/RuntimeImpl done
Event: 8.560 loading class java/util/IdentityHashMap$KeySpliterator
Event: 8.560 loading class java/util/IdentityHashMap$IdentityHashMapSpliterator
Event: 8.560 loading class java/util/IdentityHashMap$IdentityHashMapSpliterator done
Event: 8.560 loading class java/util/IdentityHashMap$KeySpliterator done
Event: 8.561 loading class java/util/stream/SortedOps$SizedRefSortingSink
Event: 8.561 loading class java/util/stream/SortedOps$SizedRefSortingSink done
Event: 8.567 loading class java/util/Scanner
Event: 8.568 loading class java/util/Scanner done
Event: 8.569 loading class java/util/Scanner$PatternLRUCache
Event: 8.569 loading class java/util/Scanner$PatternLRUCache done
Event: 12.493 Thread 0x000001bb67758f00 Thread exited: 0x000001bb67758f00
Event: 13.819 Thread 0x000001bb69613020 Thread exited: 0x000001bb69613020
Event: 15.394 loading class java/util/regex/Matcher$ImmutableMatchResult
Event: 15.394 loading class java/util/regex/Matcher$ImmutableMatchResult done
Event: 18.743 Thread 0x000001bb67a0b860 Thread exited: 0x000001bb67a0b860
Event: 28.633 loading class java/util/AbstractMap$SimpleEntry
Event: 28.638 loading class java/util/AbstractMap$SimpleEntry done


Dynamic libraries:
0x00007ff6312b0000 - 0x00007ff6312c0000 	C:\Program Files\Java\jdk-17\bin\java.exe
0x00007ffa85630000 - 0x00007ffa85846000 	C:\WINDOWS\SYSTEM32\ntdll.dll
0x00007ffa84620000 - 0x00007ffa846e4000 	C:\WINDOWS\System32\KERNEL32.DLL
0x00007ffa82da0000 - 0x00007ffa83147000 	C:\WINDOWS\System32\KERNELBASE.dll
0x00007ffa82bc0000 - 0x00007ffa82cd1000 	C:\WINDOWS\System32\ucrtbase.dll
0x00007ffa2e680000 - 0x00007ffa2e699000 	C:\Program Files\Java\jdk-17\bin\jli.dll
0x00007ffa84470000 - 0x00007ffa84522000 	C:\WINDOWS\System32\ADVAPI32.dll
0x00007ffa84fb0000 - 0x00007ffa85057000 	C:\WINDOWS\System32\msvcrt.dll
0x00007ffa84020000 - 0x00007ffa840c8000 	C:\WINDOWS\System32\sechost.dll
0x00007ffa2c840000 - 0x00007ffa2c85b000 	C:\Program Files\Java\jdk-17\bin\VCRUNTIME140.dll
0x00007ffa82ac0000 - 0x00007ffa82ae8000 	C:\WINDOWS\System32\bcrypt.dll
0x00007ffa85060000 - 0x00007ffa85175000 	C:\WINDOWS\System32\RPCRT4.dll
0x00007ffa842c0000 - 0x00007ffa8446e000 	C:\WINDOWS\System32\USER32.dll
0x00007ffa82af0000 - 0x00007ffa82b16000 	C:\WINDOWS\System32\win32u.dll
0x00007ffa83f50000 - 0x00007ffa83f79000 	C:\WINDOWS\System32\GDI32.dll
0x00007ffa831c0000 - 0x00007ffa832d9000 	C:\WINDOWS\System32\gdi32full.dll
0x00007ffa82b20000 - 0x00007ffa82bba000 	C:\WINDOWS\System32\msvcp_win.dll
0x00007ffa67e40000 - 0x00007ffa680d3000 	C:\WINDOWS\WinSxS\amd64_microsoft.windows.common-controls_6595b64144ccf1df_6.0.22621.3235_none_270f74e173860f98\COMCTL32.dll
0x00007ffa70080000 - 0x00007ffa7008a000 	C:\WINDOWS\SYSTEM32\VERSION.dll
0x00007ffa84280000 - 0x00007ffa842b1000 	C:\WINDOWS\System32\IMM32.DLL
0x00007ffa4c8a0000 - 0x00007ffa4c8ac000 	C:\Program Files\Java\jdk-17\bin\vcruntime140_1.dll
0x00007ffa16050000 - 0x00007ffa160de000 	C:\Program Files\Java\jdk-17\bin\msvcp140.dll
0x00007ff9e7600000 - 0x00007ff9e81de000 	C:\Program Files\Java\jdk-17\bin\server\jvm.dll
0x00007ffa84530000 - 0x00007ffa84538000 	C:\WINDOWS\System32\PSAPI.DLL
0x00007ffa4fdb0000 - 0x00007ffa4fdb9000 	C:\WINDOWS\SYSTEM32\WSOCK32.dll
0x00007ffa74e40000 - 0x00007ffa74e74000 	C:\WINDOWS\SYSTEM32\WINMM.dll
0x00007ffa84540000 - 0x00007ffa845b1000 	C:\WINDOWS\System32\WS2_32.dll
0x00007ffa81a80000 - 0x00007ffa81a98000 	C:\WINDOWS\SYSTEM32\kernel.appcore.dll
0x00007ffa47db0000 - 0x00007ffa47dba000 	C:\Program Files\Java\jdk-17\bin\jimage.dll
0x00007ffa7fdc0000 - 0x00007ffa7fff3000 	C:\WINDOWS\SYSTEM32\DBGHELP.DLL
0x00007ffa83bc0000 - 0x00007ffa83f48000 	C:\WINDOWS\System32\combase.dll
0x00007ffa84780000 - 0x00007ffa84857000 	C:\WINDOWS\System32\OLEAUT32.dll
0x00007ffa702f0000 - 0x00007ffa70322000 	C:\WINDOWS\SYSTEM32\dbgcore.DLL
0x00007ffa832e0000 - 0x00007ffa83359000 	C:\WINDOWS\System32\bcryptPrimitives.dll
0x00007ffa767f0000 - 0x00007ffa767fe000 	C:\Program Files\Java\jdk-17\bin\instrument.dll
0x00007ffa26d80000 - 0x00007ffa26da5000 	C:\Program Files\Java\jdk-17\bin\java.dll
0x00007ff9fa790000 - 0x00007ff9fa867000 	C:\Program Files\Java\jdk-17\bin\jsvml.dll
0x00007ffa83360000 - 0x00007ffa83bbc000 	C:\WINDOWS\System32\SHELL32.dll
0x00007ffa80880000 - 0x00007ffa81179000 	C:\WINDOWS\SYSTEM32\windows.storage.dll
0x00007ffa80740000 - 0x00007ffa8087e000 	C:\WINDOWS\SYSTEM32\wintypes.dll
0x00007ffa84e00000 - 0x00007ffa84ef3000 	C:\WINDOWS\System32\SHCORE.dll
0x00007ffa845c0000 - 0x00007ffa8461e000 	C:\WINDOWS\System32\shlwapi.dll
0x00007ffa82880000 - 0x00007ffa828a1000 	C:\WINDOWS\SYSTEM32\profapi.dll
0x00007ffa1ceb0000 - 0x00007ffa1cec8000 	C:\Program Files\Java\jdk-17\bin\zip.dll
0x00007ffa26bc0000 - 0x00007ffa26bd9000 	C:\Program Files\Java\jdk-17\bin\net.dll
0x00007ffa78750000 - 0x00007ffa78886000 	C:\WINDOWS\SYSTEM32\WINHTTP.dll
0x00007ffa81ef0000 - 0x00007ffa81f59000 	C:\WINDOWS\system32\mswsock.dll
0x00007ffa20b30000 - 0x00007ffa20b46000 	C:\Program Files\Java\jdk-17\bin\nio.dll
0x00007ffa66c80000 - 0x00007ffa66c9a000 	C:\Users\lucaa\AppData\Local\JetBrains\IntelliJ IDEA Community Edition 2023.2.2\bin\breakgen64.dll
0x00007ffa82160000 - 0x00007ffa8217b000 	C:\WINDOWS\SYSTEM32\CRYPTSP.dll
0x00007ffa819e0000 - 0x00007ffa81a15000 	C:\WINDOWS\system32\rsaenh.dll
0x00007ffa81ff0000 - 0x00007ffa82018000 	C:\WINDOWS\SYSTEM32\USERENV.dll
0x00007ffa82150000 - 0x00007ffa8215c000 	C:\WINDOWS\SYSTEM32\CRYPTBASE.dll
0x00007ffa814a0000 - 0x00007ffa814cd000 	C:\WINDOWS\SYSTEM32\IPHLPAPI.DLL
0x00007ffa855e0000 - 0x00007ffa855e9000 	C:\WINDOWS\System32\NSI.dll
0x00007ffa781d0000 - 0x00007ffa781e9000 	C:\WINDOWS\SYSTEM32\dhcpcsvc6.DLL
0x00007ffa780f0000 - 0x00007ffa7810f000 	C:\WINDOWS\SYSTEM32\dhcpcsvc.DLL
0x00007ffa814d0000 - 0x00007ffa815c9000 	C:\WINDOWS\SYSTEM32\DNSAPI.dll
0x00007ffa2fd50000 - 0x00007ffa2fd60000 	C:\Program Files\Java\jdk-17\bin\verify.dll
0x00007ffa74760000 - 0x00007ffa7476a000 	C:\Windows\System32\rasadhlp.dll
0x00007ffa768d0000 - 0x00007ffa76953000 	C:\WINDOWS\System32\fwpuclnt.dll
0x00007ffa74240000 - 0x00007ffa7424a000 	C:\Program Files\Java\jdk-17\bin\management.dll
0x00007ffa72970000 - 0x00007ffa7297b000 	C:\Program Files\Java\jdk-17\bin\management_ext.dll
0x00007ffa72820000 - 0x00007ffa7282e000 	C:\Program Files\Java\jdk-17\bin\sunmscapi.dll
0x00007ffa82950000 - 0x00007ffa82ab7000 	C:\WINDOWS\System32\CRYPT32.dll
0x00007ffa82310000 - 0x00007ffa8233e000 	C:\WINDOWS\SYSTEM32\ncrypt.dll
0x00007ffa822d0000 - 0x00007ffa82307000 	C:\WINDOWS\SYSTEM32\NTASN1.dll

dbghelp: loaded successfully - version: 4.0.5 - missing functions: none
symbol engine: initialized successfully - sym options: 0x614 - pdb path: .;C:\Program Files\Java\jdk-17\bin;C:\WINDOWS\SYSTEM32;C:\WINDOWS\WinSxS\amd64_microsoft.windows.common-controls_6595b64144ccf1df_6.0.22621.3235_none_270f74e173860f98;C:\Program Files\Java\jdk-17\bin\server;C:\Users\lucaa\AppData\Local\JetBrains\IntelliJ IDEA Community Edition 2023.2.2\bin

VM Arguments:
jvm_args: -javaagent:C:\Users\lucaa\AppData\Local\JetBrains\IntelliJ IDEA Community Edition 2023.2.2\lib\idea_rt.jar=51704:C:\Users\lucaa\AppData\Local\JetBrains\IntelliJ IDEA Community Edition 2023.2.2\bin -Dfile.encoding=UTF-8 
java_command: br.com.alura.screenmatch.ScreenmatchApplication
java_class_path (initial): C:\Users\lucaa\Java\screenmatch\screenmatch\target\classes;C:\Users\lucaa\.m2\repository\org\springframework\boot\spring-boot-starter\3.2.4\spring-boot-starter-3.2.4.jar;C:\Users\lucaa\.m2\repository\org\springframework\boot\spring-boot\3.2.4\spring-boot-3.2.4.jar;C:\Users\lucaa\.m2\repository\org\springframework\spring-context\6.1.5\spring-context-6.1.5.jar;C:\Users\lucaa\.m2\repository\org\springframework\spring-expression\6.1.5\spring-expression-6.1.5.jar;C:\Users\lucaa\.m2\repository\io\micrometer\micrometer-observation\1.12.4\micrometer-observation-1.12.4.jar;C:\Users\lucaa\.m2\repository\io\micrometer\micrometer-commons\1.12.4\micrometer-commons-1.12.4.jar;C:\Users\lucaa\.m2\repository\org\springframework\boot\spring-boot-autoconfigure\3.2.4\spring-boot-autoconfigure-3.2.4.jar;C:\Users\lucaa\.m2\repository\org\springframework\boot\spring-boot-starter-logging\3.2.4\spring-boot-starter-logging-3.2.4.jar;C:\Users\lucaa\.m2\repository\ch\qos\logback\logback-classic\1.4.14\logback-classic-1.4.14.jar;C:\Users\lucaa\.m2\repository\ch\qos\logback\logback-core\1.4.14\logback-core-1.4.14.jar;C:\Users\lucaa\.m2\repository\org\apache\logging\log4j\log4j-to-slf4j\2.21.1\log4j-to-slf4j-2.21.1.jar;C:\Users\lucaa\.m2\repository\org\apache\logging\log4j\log4j-api\2.21.1\log4j-api-2.21.1.jar;C:\Users\lucaa\.m2\repository\org\slf4j\jul-to-slf4j\2.0.12\jul-to-slf4j-2.0.12.jar;C:\Users\lucaa\.m2\repository\jakarta\annotation\jakarta.annotation-api\2.1.1\jakarta.annotation-api-2.1.1.jar;C:\Users\lucaa\.m2\repository\org\springframework\spring-core\6.1.5\spring-core-6.1.5.jar;C:\Users\lucaa\.m2\repository\org\springframework\spring-jcl\6.1.5\spring-jcl-6.1.5.jar;C:\Users\lucaa\.m2\repository\org\yaml\snakeyaml\2.2\snakeyaml-2.2.jar;C:\Users\lucaa\.m2\repository\org\slf4j\slf4j-api\2.0.12\slf4j-api-2.0.12.jar;C:\Users\lucaa\.m2\repository\jakarta\xml\bind\jakarta.xml.bind-api\4.0.2\jakarta.xml.bind-api-4.0.2.jar;C:\Users\lucaa\.m2\repository\jakarta\activ
Launcher Type: SUN_STANDARD

[Global flags]
     intx CICompilerCount                          = 4                                         {product} {ergonomic}
     uint ConcGCThreads                            = 2                                         {product} {ergonomic}
     uint G1ConcRefinementThreads                  = 8                                         {product} {ergonomic}
   size_t G1HeapRegionSize                         = 1048576                                   {product} {ergonomic}
    uintx GCDrainStackTargetSize                   = 64                                        {product} {ergonomic}
   size_t InitialHeapSize                          = 130023424                                 {product} {ergonomic}
   size_t MarkStackSize                            = 4194304                                   {product} {ergonomic}
   size_t MaxHeapSize                              = 2076180480                                {product} {ergonomic}
   size_t MaxNewSize                               = 1245708288                                {product} {ergonomic}
   size_t MinHeapDeltaBytes                        = 1048576                                   {product} {ergonomic}
   size_t MinHeapSize                              = 8388608                                   {product} {ergonomic}
    uintx NonNMethodCodeHeapSize                   = 5839372                                {pd product} {ergonomic}
    uintx NonProfiledCodeHeapSize                  = 122909434                              {pd product} {ergonomic}
    uintx ProfiledCodeHeapSize                     = 122909434                              {pd product} {ergonomic}
    uintx ReservedCodeCacheSize                    = 251658240                              {pd product} {ergonomic}
     bool SegmentedCodeCache                       = true                                      {product} {ergonomic}
   size_t SoftMaxHeapSize                          = 2076180480                             {manageable} {ergonomic}
     bool UseCompressedClassPointers               = true                           {product lp64_product} {ergonomic}
     bool UseCompressedOops                        = true                           {product lp64_product} {ergonomic}
     bool UseG1GC                                  = true                                      {product} {ergonomic}
     bool UseLargePagesIndividualAllocation        = false                                  {pd product} {ergonomic}

Logging:
Log output configuration:
 #0: stdout all=warning uptime,level,tags
 #1: stderr all=off uptime,level,tags

Environment Variables:
PATH=C:\Program Files\Common Files\Oracle\Java\javapath;C:\Windows\system32;C:\Windows;C:\Windows\System32\Wbem;C:\Windows\System32\WindowsPowerShell\v1.0\;C:\Windows\System32\OpenSSH\;C:\Program Files\NVIDIA Corporation\NVIDIA NvDLISR;C:\Program Files\dotnet\;C:\WINDOWS\system32;C:\WINDOWS;C:\WINDOWS\System32\Wbem;C:\WINDOWS\System32\WindowsPowerShell\v1.0\;C:\WINDOWS\System32\OpenSSH\;C:\Program Files\Git\cmd;C:\Users\lucaa\AppData\Local\Programs\Python\Python311\Scripts\;C:\Users\lucaa\AppData\Local\Programs\Python\Python311\;C:\Users\lucaa\AppData\Local\Programs\Python\Python310\;C:\Users\lucaa\AppData\Local\Programs\Python\Python310\Scripts\;C:\Users\lucaa\anaconda3;C:\Users\lucaa\anaconda3\Scripts;C:\Users\lucaa\AppData\Local\Microsoft\WindowsApps;;C:\Users\lucaa\AppData\Local\Programs\Microsoft VS Code\bin;C:\Users\lucaa\AppData\Local\JetBrains\IntelliJ IDEA Community Edition 2023.2.2\bin;
USERNAME=lucaa
OS=Windows_NT
PROCESSOR_IDENTIFIER=Intel64 Family 6 Model 140 Stepping 1, GenuineIntel



---------------  S Y S T E M  ---------------

OS:
 Windows 11 , 64 bit Build 22621 (10.0.22621.3374)
OS uptime: 0 days 0:52 hours
Hyper-V role detected

CPU: total 8 (initial active 8) (4 cores per cpu, 2 threads per core) family 6 model 140 stepping 1 microcode 0xb4, cx8, cmov, fxsr, ht, mmx, 3dnowpref, sse, sse2, sse3, ssse3, sse4.1, sse4.2, popcnt, lzcnt, tsc, tscinvbit, avx, avx2, aes, erms, clmul, bmi1, bmi2, adx, avx512f, avx512dq, avx512cd, avx512bw, avx512vl, sha, fma, vzeroupper, avx512_vpopcntdq, avx512_vpclmulqdq, avx512_vaes, avx512_vnni, clflush, clflushopt, clwb, avx512_vbmi2, avx512_vbmi, hv

Memory: 4k page, system-wide physical 7914M (43M free)
TotalPageFile size 32490M (AvailPageFile size 38M)
current process WorkingSet (physical memory assigned to process): 107M, peak: 258M
current process commit charge ("private bytes"): 261M, peak: 297M

vm_info: Java HotSpot(TM) 64-Bit Server VM (17.0.8+9-LTS-211) for windows-amd64 JRE (17.0.8+9-LTS-211), built on Jun 14 2023 10:34:31 by "mach5one" with MS VC++ 17.1 (VS2022)

END.
