#
# There is insufficient memory for the Java Runtime Environment to continue.
# Native memory allocation (mmap) failed to map 130023424 bytes for G1 virtual space
# Possible reasons:
#   The system is out of physical RAM or swap space
#   The process is running with CompressedOops enabled, and the Java Heap may be blocking the growth of the native heap
# Possible solutions:
#   Reduce memory load on the system
#   Increase physical memory or swap space
#   Check if swap backing store is full
#   Decrease Java heap size (-Xmx/-Xms)
#   Decrease number of Java threads
#   Decrease Java thread stack sizes (-Xss)
#   Set larger code cache with -XX:ReservedCodeCacheSize=
#   JVM is running with Unscaled Compressed Oops mode in which the Java heap is
#     placed in the first 4GB address space. The Java Heap base address is the
#     maximum limit for the native heap growth. Please use -XX:HeapBaseMinAddress
#     to set the Java Heap base and to place the Java Heap above 4GB virtual address.
# This output file may be truncated or incomplete.
#
#  Out of Memory Error (os_windows.cpp:3550), pid=22716, tid=23676
#
# JRE version:  (17.0.8+9) (build )
# Java VM: Java HotSpot(TM) 64-Bit Server VM (17.0.8+9-LTS-211, mixed mode, sharing, tiered, compressed oops, compressed class ptrs, g1 gc, windows-amd64)
# No core dump will be written. Minidumps are not enabled by default on client versions of Windows
#

---------------  S U M M A R Y ------------

Command Line: -javaagent:C:\Users\lucaa\AppData\Local\JetBrains\IntelliJ IDEA Community Edition 2023.2.2\lib\idea_rt.jar=50370:C:\Users\lucaa\AppData\Local\JetBrains\IntelliJ IDEA Community Edition 2023.2.2\bin -Dfile.encoding=UTF-8 br.com.alura.screenmatch.ScreenmatchApplication

Host: 11th Gen Intel(R) Core(TM) i7-1165G7 @ 2.80GHz, 8 cores, 7G,  Windows 11 , 64 bit Build 22621 (10.0.22621.3374)
Time: Fri May  3 12:46:44 2024 Hora oficial do Brasil elapsed time: 0.029487 seconds (0d 0h 0m 0s)

---------------  T H R E A D  ---------------

Current thread (0x0000020f8d57be70):  JavaThread "Unknown thread" [_thread_in_vm, id=23676, stack(0x000000f116800000,0x000000f116900000)]

Stack: [0x000000f116800000,0x000000f116900000]
Native frames: (J=compiled Java code, j=interpreted, Vv=VM code, C=native code)
V  [jvm.dll+0x677d0a]
V  [jvm.dll+0x7d8c54]
V  [jvm.dll+0x7da3fe]
V  [jvm.dll+0x7daa63]
V  [jvm.dll+0x245c5f]
V  [jvm.dll+0x674bb9]
V  [jvm.dll+0x6694f2]
V  [jvm.dll+0x3031d6]
V  [jvm.dll+0x30a756]
V  [jvm.dll+0x359f9e]
V  [jvm.dll+0x35a1cf]
V  [jvm.dll+0x2da3e8]
V  [jvm.dll+0x2db354]
V  [jvm.dll+0x7aa711]
V  [jvm.dll+0x367b51]
V  [jvm.dll+0x789979]
V  [jvm.dll+0x3eb05f]
V  [jvm.dll+0x3ecae1]
C  [jli.dll+0x5297]
C  [ucrtbase.dll+0x29333]
C  [KERNEL32.DLL+0x1257d]
C  [ntdll.dll+0x5aa48]


---------------  P R O C E S S  ---------------

Threads class SMR info:
_java_thread_list=0x00007ffcc92d59d8, length=0, elements={
}

Java Threads: ( => current thread )

Other Threads:
  0x0000020f8d5d6ac0 GCTaskThread "GC Thread#0" [stack: 0x000000f116900000,0x000000f116a00000] [id=12276]
  0x0000020f8d5e7180 ConcurrentGCThread "G1 Main Marker" [stack: 0x000000f116a00000,0x000000f116b00000] [id=18952]
  0x0000020f8d5e7b90 ConcurrentGCThread "G1 Conc#0" [stack: 0x000000f116b00000,0x000000f116c00000] [id=19088]

[error occurred during error reporting (printing all threads), id 0xc0000005, EXCEPTION_ACCESS_VIOLATION (0xc0000005) at pc=0x00007ffcc8b0b047]

VM state: not at safepoint (not fully initialized)

VM Mutex/Monitor currently owned by a thread:  ([mutex/lock_event])
[0x0000020f8d579130] Heap_lock - owner thread: 0x0000020f8d57be70

Heap address: 0x0000000084400000, size: 1980 MB, Compressed Oops mode: 32-bit

CDS archive(s) mapped at: [0x0000000000000000-0x0000000000000000-0x0000000000000000), size 0, SharedBaseAddress: 0x0000000800000000, ArchiveRelocationMode: 1.
Narrow klass base: 0x0000000000000000, Narrow klass shift: 0, Narrow klass range: 0x0

GC Precious Log:
<Empty>

Heap:
 garbage-first heap   total 0K, used 0K [0x0000000084400000, 0x0000000100000000)
  region size 1024K, 0 young (0K), 0 survivors (0K)

[error occurred during error reporting (printing heap information), id 0xc0000005, EXCEPTION_ACCESS_VIOLATION (0xc0000005) at pc=0x00007ffcc8ef1499]

GC Heap History (0 events):
No events

Deoptimization events (0 events):
No events

Classes unloaded (0 events):
No events

Classes redefined (0 events):
No events

Internal exceptions (0 events):
No events

VM Operations (0 events):
No events

Events (1 events):
Event: 0.017 Loaded shared library C:\Program Files\Java\jdk-17\bin\java.dll


Dynamic libraries:
0x00007ff7cf720000 - 0x00007ff7cf730000 	C:\Program Files\Java\jdk-17\bin\java.exe
0x00007ffd2cbd0000 - 0x00007ffd2cde6000 	C:\WINDOWS\SYSTEM32\ntdll.dll
0x00007ffd2a990000 - 0x00007ffd2aa54000 	C:\WINDOWS\System32\KERNEL32.DLL
0x00007ffd2a340000 - 0x00007ffd2a6e7000 	C:\WINDOWS\System32\KERNELBASE.dll
0x00007ffd2a6f0000 - 0x00007ffd2a801000 	C:\WINDOWS\System32\ucrtbase.dll
0x00007ffd17280000 - 0x00007ffd17299000 	C:\Program Files\Java\jdk-17\bin\jli.dll
0x00007ffd2c970000 - 0x00007ffd2ca22000 	C:\WINDOWS\System32\ADVAPI32.dll
0x00007ffd2abf0000 - 0x00007ffd2ac97000 	C:\WINDOWS\System32\msvcrt.dll
0x00007ffd2be70000 - 0x00007ffd2bf18000 	C:\WINDOWS\System32\sechost.dll
0x00007ffd2a810000 - 0x00007ffd2a838000 	C:\WINDOWS\System32\bcrypt.dll
0x00007ffd186f0000 - 0x00007ffd1870b000 	C:\Program Files\Java\jdk-17\bin\VCRUNTIME140.dll
0x00007ffd2bd50000 - 0x00007ffd2be65000 	C:\WINDOWS\System32\RPCRT4.dll
0x00007ffd2c520000 - 0x00007ffd2c6ce000 	C:\WINDOWS\System32\USER32.dll
0x00007ffd2a310000 - 0x00007ffd2a336000 	C:\WINDOWS\System32\win32u.dll
0x00007ffd2b980000 - 0x00007ffd2b9a9000 	C:\WINDOWS\System32\GDI32.dll
0x00007ffd29ef0000 - 0x00007ffd2a009000 	C:\WINDOWS\System32\gdi32full.dll
0x00007ffd2a010000 - 0x00007ffd2a0aa000 	C:\WINDOWS\System32\msvcp_win.dll
0x00007ffd0f030000 - 0x00007ffd0f2c3000 	C:\WINDOWS\WinSxS\amd64_microsoft.windows.common-controls_6595b64144ccf1df_6.0.22621.3235_none_270f74e173860f98\COMCTL32.dll
0x00007ffd1b770000 - 0x00007ffd1b77a000 	C:\WINDOWS\SYSTEM32\VERSION.dll
0x00007ffd2a900000 - 0x00007ffd2a931000 	C:\WINDOWS\System32\IMM32.DLL
0x00007ffd18870000 - 0x00007ffd1887c000 	C:\Program Files\Java\jdk-17\bin\vcruntime140_1.dll
0x00007ffd083f0000 - 0x00007ffd0847e000 	C:\Program Files\Java\jdk-17\bin\msvcp140.dll
0x00007ffcc8820000 - 0x00007ffcc93fe000 	C:\Program Files\Java\jdk-17\bin\server\jvm.dll
0x00007ffd2b870000 - 0x00007ffd2b878000 	C:\WINDOWS\System32\PSAPI.DLL
0x00007ffcf07e0000 - 0x00007ffcf07e9000 	C:\WINDOWS\SYSTEM32\WSOCK32.dll
0x00007ffd2bf20000 - 0x00007ffd2bf91000 	C:\WINDOWS\System32\WS2_32.dll
0x00007ffd1d810000 - 0x00007ffd1d844000 	C:\WINDOWS\SYSTEM32\WINMM.dll
0x00007ffd29000000 - 0x00007ffd29018000 	C:\WINDOWS\SYSTEM32\kernel.appcore.dll
0x00007ffd18260000 - 0x00007ffd1826a000 	C:\Program Files\Java\jdk-17\bin\jimage.dll
0x00007ffd277e0000 - 0x00007ffd27a13000 	C:\WINDOWS\SYSTEM32\DBGHELP.DLL
0x00007ffd2b9b0000 - 0x00007ffd2bd38000 	C:\WINDOWS\System32\combase.dll
0x00007ffd2c890000 - 0x00007ffd2c967000 	C:\WINDOWS\System32\OLEAUT32.dll
0x00007ffd1a260000 - 0x00007ffd1a292000 	C:\WINDOWS\SYSTEM32\dbgcore.DLL
0x00007ffd2a120000 - 0x00007ffd2a199000 	C:\WINDOWS\System32\bcryptPrimitives.dll
0x00007ffd1e500000 - 0x00007ffd1e50e000 	C:\Program Files\Java\jdk-17\bin\instrument.dll
0x00007ffd10200000 - 0x00007ffd10225000 	C:\Program Files\Java\jdk-17\bin\java.dll

dbghelp: loaded successfully - version: 4.0.5 - missing functions: none
symbol engine: initialized successfully - sym options: 0x614 - pdb path: .;C:\Program Files\Java\jdk-17\bin;C:\WINDOWS\SYSTEM32;C:\WINDOWS\WinSxS\amd64_microsoft.windows.common-controls_6595b64144ccf1df_6.0.22621.3235_none_270f74e173860f98;C:\Program Files\Java\jdk-17\bin\server

VM Arguments:
jvm_args: -javaagent:C:\Users\lucaa\AppData\Local\JetBrains\IntelliJ IDEA Community Edition 2023.2.2\lib\idea_rt.jar=50370:C:\Users\lucaa\AppData\Local\JetBrains\IntelliJ IDEA Community Edition 2023.2.2\bin -Dfile.encoding=UTF-8 
java_command: br.com.alura.screenmatch.ScreenmatchApplication
java_class_path (initial): C:\Users\lucaa\Java\screenmatch\screenmatch\target\classes;C:\Users\lucaa\.m2\repository\org\springframework\boot\spring-boot-starter\3.2.4\spring-boot-starter-3.2.4.jar;C:\Users\lucaa\.m2\repository\org\springframework\boot\spring-boot\3.2.4\spring-boot-3.2.4.jar;C:\Users\lucaa\.m2\repository\org\springframework\spring-context\6.1.5\spring-context-6.1.5.jar;C:\Users\lucaa\.m2\repository\org\springframework\spring-expression\6.1.5\spring-expression-6.1.5.jar;C:\Users\lucaa\.m2\repository\io\micrometer\micrometer-observation\1.12.4\micrometer-observation-1.12.4.jar;C:\Users\lucaa\.m2\repository\io\micrometer\micrometer-commons\1.12.4\micrometer-commons-1.12.4.jar;C:\Users\lucaa\.m2\repository\org\springframework\boot\spring-boot-autoconfigure\3.2.4\spring-boot-autoconfigure-3.2.4.jar;C:\Users\lucaa\.m2\repository\org\springframework\boot\spring-boot-starter-logging\3.2.4\spring-boot-starter-logging-3.2.4.jar;C:\Users\lucaa\.m2\repository\ch\qos\logback\logback-classic\1.4.14\logback-classic-1.4.14.jar;C:\Users\lucaa\.m2\repository\ch\qos\logback\logback-core\1.4.14\logback-core-1.4.14.jar;C:\Users\lucaa\.m2\repository\org\apache\logging\log4j\log4j-to-slf4j\2.21.1\log4j-to-slf4j-2.21.1.jar;C:\Users\lucaa\.m2\repository\org\apache\logging\log4j\log4j-api\2.21.1\log4j-api-2.21.1.jar;C:\Users\lucaa\.m2\repository\org\slf4j\jul-to-slf4j\2.0.12\jul-to-slf4j-2.0.12.jar;C:\Users\lucaa\.m2\repository\jakarta\annotation\jakarta.annotation-api\2.1.1\jakarta.annotation-api-2.1.1.jar;C:\Users\lucaa\.m2\repository\org\springframework\spring-core\6.1.5\spring-core-6.1.5.jar;C:\Users\lucaa\.m2\repository\org\springframework\spring-jcl\6.1.5\spring-jcl-6.1.5.jar;C:\Users\lucaa\.m2\repository\org\yaml\snakeyaml\2.2\snakeyaml-2.2.jar;C:\Users\lucaa\.m2\repository\org\slf4j\slf4j-api\2.0.12\slf4j-api-2.0.12.jar;C:\Users\lucaa\.m2\repository\jakarta\xml\bind\jakarta.xml.bind-api\4.0.2\jakarta.xml.bind-api-4.0.2.jar;C:\Users\lucaa\.m2\repository\jakarta\activ
Launcher Type: SUN_STANDARD

[Global flags]
     intx CICompilerCount                          = 4                                         {product} {ergonomic}
     uint ConcGCThreads                            = 2                                         {product} {ergonomic}
     uint G1ConcRefinementThreads                  = 8                                         {product} {ergonomic}
   size_t G1HeapRegionSize                         = 1048576                                   {product} {ergonomic}
    uintx GCDrainStackTargetSize                   = 64                                        {product} {ergonomic}
   size_t InitialHeapSize                          = 130023424                                 {product} {ergonomic}
   size_t MarkStackSize                            = 4194304                                   {product} {ergonomic}
   size_t MaxHeapSize                              = 2076180480                                {product} {ergonomic}
   size_t MinHeapDeltaBytes                        = 1048576                                   {product} {ergonomic}
   size_t MinHeapSize                              = 8388608                                   {product} {ergonomic}
    uintx NonNMethodCodeHeapSize                   = 5839372                                {pd product} {ergonomic}
    uintx NonProfiledCodeHeapSize                  = 122909434                              {pd product} {ergonomic}
    uintx ProfiledCodeHeapSize                     = 122909434                              {pd product} {ergonomic}
    uintx ReservedCodeCacheSize                    = 251658240                              {pd product} {ergonomic}
     bool SegmentedCodeCache                       = true                                      {product} {ergonomic}
   size_t SoftMaxHeapSize                          = 2076180480                             {manageable} {ergonomic}
     bool UseCompressedClassPointers               = true                           {product lp64_product} {ergonomic}
     bool UseCompressedOops                        = true                           {product lp64_product} {ergonomic}
     bool UseG1GC                                  = true                                      {product} {ergonomic}
     bool UseLargePagesIndividualAllocation        = false                                  {pd product} {ergonomic}

Logging:
Log output configuration:
 #0: stdout all=warning uptime,level,tags
 #1: stderr all=off uptime,level,tags

Environment Variables:
PATH=C:\Program Files\Common Files\Oracle\Java\javapath;C:\Windows\system32;C:\Windows;C:\Windows\System32\Wbem;C:\Windows\System32\WindowsPowerShell\v1.0\;C:\Windows\System32\OpenSSH\;C:\Program Files\NVIDIA Corporation\NVIDIA NvDLISR;C:\Program Files\dotnet\;C:\WINDOWS\system32;C:\WINDOWS;C:\WINDOWS\System32\Wbem;C:\WINDOWS\System32\WindowsPowerShell\v1.0\;C:\WINDOWS\System32\OpenSSH\;C:\Program Files\Git\cmd;C:\Users\lucaa\AppData\Local\Programs\Python\Python311\Scripts\;C:\Users\lucaa\AppData\Local\Programs\Python\Python311\;C:\Users\lucaa\AppData\Local\Programs\Python\Python310\;C:\Users\lucaa\AppData\Local\Programs\Python\Python310\Scripts\;C:\Users\lucaa\anaconda3;C:\Users\lucaa\anaconda3\Scripts;C:\Users\lucaa\AppData\Local\Microsoft\WindowsApps;;C:\Users\lucaa\AppData\Local\Programs\Microsoft VS Code\bin;C:\Users\lucaa\AppData\Local\JetBrains\IntelliJ IDEA Community Edition 2023.2.2\bin;
USERNAME=lucaa
OS=Windows_NT
PROCESSOR_IDENTIFIER=Intel64 Family 6 Model 140 Stepping 1, GenuineIntel



---------------  S Y S T E M  ---------------

OS:
 Windows 11 , 64 bit Build 22621 (10.0.22621.3374)
OS uptime: 2 days 18:41 hours
Hyper-V role detected

CPU: total 8 (initial active 8) (4 cores per cpu, 2 threads per core) family 6 model 140 stepping 1 microcode 0xb4, cx8, cmov, fxsr, ht, mmx, 3dnowpref, sse, sse2, sse3, ssse3, sse4.1, sse4.2, popcnt, lzcnt, tsc, tscinvbit, avx, avx2, aes, erms, clmul, bmi1, bmi2, adx, avx512f, avx512dq, avx512cd, avx512bw, avx512vl, sha, fma, vzeroupper, avx512_vpopcntdq, avx512_vpclmulqdq, avx512_vaes, avx512_vnni, clflush, clflushopt, clwb, avx512_vbmi2, avx512_vbmi, hv

Memory: 4k page, system-wide physical 7914M (324M free)
TotalPageFile size 32490M (AvailPageFile size 30M)
current process WorkingSet (physical memory assigned to process): 11M, peak: 11M
current process commit charge ("private bytes"): 60M, peak: 184M

vm_info: Java HotSpot(TM) 64-Bit Server VM (17.0.8+9-LTS-211) for windows-amd64 JRE (17.0.8+9-LTS-211), built on Jun 14 2023 10:34:31 by "mach5one" with MS VC++ 17.1 (VS2022)

END.
